<?xml version="1.0" encoding="UTF-8"?>
<!-- Generated by org.testng.reporters.JUnitReportReporter -->
<testsuite skipped="1" hostname="SHUBHENDU" name="com.Vtiger.genericLib.LoginDataProvider" tests="1" failures="0" timestamp="19 Jun 2020 06:31:49 GMT" time="0.000" errors="0">
  <testcase name="login" time="0.000" classname="com.Vtiger.genericLib.LoginDataProvider">
    <skipped/>
  </testcase> <!-- login -->
</testsuite> <!-- com.Vtiger.genericLib.LoginDataProvider -->
