<?xml version="1.0" encoding="UTF-8"?>
<!-- Generated by org.testng.reporters.JUnitReportReporter -->
<testsuite skipped="0" hostname="SHUBHENDU" name="com.Vtiger.TestScript.CreateProductTest" tests="1" failures="0" timestamp="05 Jul 2020 15:15:50 GMT" time="117.673" errors="0">
  <testcase name="ProductCreation" time="117.673" classname="com.Vtiger.TestScript.CreateProductTest"/>
</testsuite> <!-- com.Vtiger.TestScript.CreateProductTest -->
