<?xml version="1.0" encoding="UTF-8"?>
<!-- Generated by org.testng.reporters.JUnitReportReporter -->
<testsuite skipped="0" hostname="SHUBHENDU" name="com.Vtiger.TestScript.CreateProductTest" tests="1" failures="0" timestamp="05 Jul 2020 08:00:09 GMT" time="46.562" errors="0">
  <testcase name="ProductCreation" time="46.562" classname="com.Vtiger.TestScript.CreateProductTest"/>
</testsuite> <!-- com.Vtiger.TestScript.CreateProductTest -->
