<?xml version="1.0" encoding="UTF-8"?>
<!-- Generated by org.testng.reporters.JUnitReportReporter -->
<testsuite skipped="0" hostname="SHUBHENDU" name="com.Vtiger.TestScript.CreateOrganisationTest" tests="1" failures="0" timestamp="21 Jun 2020 06:29:33 GMT" time="130.817" errors="0">
  <testcase name="OrganisationCreation" time="130.817" classname="com.Vtiger.TestScript.CreateOrganisationTest"/>
</testsuite> <!-- com.Vtiger.TestScript.CreateOrganisationTest -->
