<?xml version="1.0" encoding="UTF-8"?>
<!-- Generated by org.testng.reporters.JUnitReportReporter -->
<testsuite skipped="0" hostname="SHUBHENDU" name="com.Vtiger.TestScript.CreateProductTest" tests="1" failures="0" timestamp="28 Jun 2020 05:56:22 GMT" time="52.774" errors="0">
  <testcase name="ProductCreation" time="52.774" classname="com.Vtiger.TestScript.CreateProductTest"/>
</testsuite> <!-- com.Vtiger.TestScript.CreateProductTest -->
