<?xml version="1.0" encoding="UTF-8"?>
<!-- Generated by org.testng.reporters.JUnitReportReporter -->
<testsuite skipped="0" hostname="SHUBHENDU" name="com.Vtiger.TestScript.CreateOrganisation" tests="1" failures="0" timestamp="19 Jun 2020 05:22:13 GMT" time="66.378" errors="0">
  <testcase name="CreateOrg" time="66.378" classname="com.Vtiger.TestScript.CreateOrganisation"/>
</testsuite> <!-- com.Vtiger.TestScript.CreateOrganisation -->
