<?xml version="1.0" encoding="UTF-8"?>
<!-- Generated by org.testng.reporters.JUnitReportReporter -->
<testsuite skipped="0" hostname="SHUBHENDU" name="com.Vtiger.TestScript.CreateLeadTest" tests="1" failures="0" timestamp="05 Jul 2020 08:00:09 GMT" time="43.970" errors="0">
  <testcase name="LeadCreation" time="43.970" classname="com.Vtiger.TestScript.CreateLeadTest"/>
</testsuite> <!-- com.Vtiger.TestScript.CreateLeadTest -->
