<?xml version="1.0" encoding="UTF-8"?>
<!-- Generated by org.testng.reporters.JUnitReportReporter -->
<testsuite skipped="0" hostname="SHUBHENDU" name="com.Vtiger.TestScript.CreateOrganisationTest" tests="1" failures="0" timestamp="05 Jul 2020 08:00:09 GMT" time="62.215" errors="0">
  <testcase name="OrganisationCreation" time="62.215" classname="com.Vtiger.TestScript.CreateOrganisationTest"/>
</testsuite> <!-- com.Vtiger.TestScript.CreateOrganisationTest -->
