<?xml version="1.0" encoding="UTF-8"?>
<!-- Generated by org.testng.reporters.JUnitReportReporter -->
<testsuite skipped="0" hostname="SHUBHENDU" name="com.Vtiger.TestScript.CreateProduct" tests="1" failures="0" timestamp="19 Jun 2020 05:07:38 GMT" time="74.692" errors="0">
  <testcase name="ProductCreation" time="74.692" classname="com.Vtiger.TestScript.CreateProduct"/>
</testsuite> <!-- com.Vtiger.TestScript.CreateProduct -->
