<?xml version="1.0" encoding="UTF-8"?>
<!-- Generated by org.testng.reporters.JUnitReportReporter -->
<testsuite skipped="0" hostname="SHUBHENDU" name="com.Vtiger.TestScript.CreateLeadTest" tests="1" failures="0" timestamp="20 Jun 2020 06:51:05 GMT" time="142.899" errors="0">
  <testcase name="LeadCreation" time="142.899" classname="com.Vtiger.TestScript.CreateLeadTest"/>
</testsuite> <!-- com.Vtiger.TestScript.CreateLeadTest -->
